<?xml version="1.0" encoding="utf-8"?><testsuites name="pytest tests"><testsuite name="pytest" errors="0" failures="0" skipped="0" tests="15" time="7.907" timestamp="2026-06-28T16:43:44.905188+00:00" hostname="agent-env-14d81aa6-468b-4b3c-96ee-e451e25eba60"><testcase classname="backend.tests.test_pillcare_backend" name="test_catalog_units" time="0.249" /><testcase classname="backend.tests.test_pillcare_backend" name="test_catalog_measurements" time="0.050" /><testcase classname="backend.tests.test_pillcare_backend" name="test_catalog_activities" time="0.059" /><testcase classname="backend.tests.test_pillcare_backend" name="test_profile_upsert_and_get" time="0.200" /><testcase classname="backend.tests.test_pillcare_backend" name="test_create_medication_with_generic" time="3.296" /><testcase classname="backend.tests.test_pillcare_backend" name="test_patch_medication" time="0.050" /><testcase classname="backend.tests.test_pillcare_backend" name="test_doses_auto_generate_and_status" time="0.199" /><testcase classname="backend.tests.test_pillcare_backend" name="test_measurement_composite_and_simple" time="0.144" /><testcase classname="backend.tests.test_pillcare_backend" name="test_activity_create" time="0.101" /><testcase classname="backend.tests.test_pillcare_backend" name="test_mood_create" time="0.094" /><testcase classname="backend.tests.test_pillcare_backend" name="test_progress_adherence" time="0.048" /><testcase classname="backend.tests.test_pillcare_backend" name="test_resolve_generic" time="1.386" /><testcase classname="backend.tests.test_pillcare_backend" name="test_caregiver_alert_mock_and_log" time="0.101" /><testcase classname="backend.tests.test_pillcare_backend" name="test_csv_export" time="0.044" /><testcase classname="backend.tests.test_pillcare_backend" name="test_scan_medication" time="1.792" /></testsuite></testsuites>